<?xml version="1.0" encoding="UTF-8"?>
<!-- Generated by org.testng.reporters.JUnitXMLReporter -->
<testsuite hostname="ABCD" ignored="0" name="Default test" tests="4" failures="0" timestamp="04 Jan 2020 08:24:33 GMT" time="144.719" errors="0">
  <testcase name="Datacollect" time="3.121" classname="com.dataprovider.HalfEbay"/>
  <testcase name="Datacollect" time="1.368" classname="com.dataprovider.HalfEbay"/>
  <testcase name="Datacollect" time="1.252" classname="com.dataprovider.HalfEbay"/>
  <testcase name="Datacollect" time="1.509" classname="com.dataprovider.HalfEbay"/>
</testsuite> <!-- Default test -->
